Browsing 08:08:C2:93:0D:7C ...
Attribute Identifier : 0x0 - ServiceRecordHandle
  Integer : 0x10001
Attribute Identifier : 0x1 - ServiceClassIDList
  Data Sequence
    UUID16 : 0x110a - AudioSource
Attribute Identifier : 0x4 - ProtocolDescriptorList
  Data Sequence
    Data Sequence
      UUID16 : 0x0100 - L2CAP
      Channel/Port (Integer) : 0x19
    Data Sequence
      UUID16 : 0x0019 - AVDTP
      Channel/Port (Integer) : 0x102
Attribute Identifier : 0x5 - BrowseGroupList
  Data Sequence
    UUID16 : 0x1002 - PublicBrowseGroup
Attribute Identifier : 0x9 - BluetoothProfileDescriptorList
  Data Sequence
    Data Sequence
      UUID16 : 0x110d - AdvancedAudio
      Version (Integer) : 0x102
Attribute Identifier : 0x100
  Data : 41 75 64 69 6f 20 53 6f 75 72 63 65 00
Attribute Identifier : 0x311
  Integer : 0x1

Attribute Identifier : 0x0 - ServiceRecordHandle
  Integer : 0x10002
Attribute Identifier : 0x1 - ServiceClassIDList
  Data Sequence
    UUID16 : 0x110c - RemoteControlTarget
Attribute Identifier : 0x4 - ProtocolDescriptorList
  Data Sequence
    Data Sequence
      UUID16 : 0x0100 - L2CAP
      Channel/Port (Integer) : 0x17
    Data Sequence
      UUID16 : 0x0017 - AVCTP
      Channel/Port (Integer) : 0x103
Attribute Identifier : 0x5 - BrowseGroupList
  Data Sequence
    UUID16 : 0x1002 - PublicBrowseGroup
Attribute Identifier : 0x9 - BluetoothProfileDescriptorList
  Data Sequence
    Data Sequence
      UUID16 : 0x110e - RemoteControl
      Version (Integer) : 0x103
Attribute Identifier : 0x100
  Data : 41 56 52 43 50 20 54 47 00
Attribute Identifier : 0x311
  Integer : 0x11

Attribute Identifier : 0x0 - ServiceRecordHandle
  Integer : 0x10003
Attribute Identifier : 0x1 - ServiceClassIDList
  Data Sequence
    UUID16 : 0x1112 - HeadsetAudioGateway
    UUID16 : 0x1203 - GenericAudio
Attribute Identifier : 0x4 - ProtocolDescriptorList
  Data Sequence
    Data Sequence
      UUID16 : 0x0100 - L2CAP
    Data Sequence
      UUID16 : 0x0003 - RFCOMM
      Channel/Port (Integer) : 0xb
Attribute Identifier : 0x5 - BrowseGroupList
  Data Sequence
    UUID16 : 0x1002 - PublicBrowseGroup
Attribute Identifier : 0x9 - BluetoothProfileDescriptorList
  Data Sequence
    Data Sequence
      UUID16 : 0x1108 - Headset
      Version (Integer) : 0x102
Attribute Identifier : 0x100
  Data : 56 6f 69 63 65 20 47 61 74 65 77 61 79 00

Attribute Identifier : 0x0 - ServiceRecordHandle
  Integer : 0x10004
Attribute Identifier : 0x1 - ServiceClassIDList
  Data Sequence
    UUID16 : 0x1105 - OBEXObjectPush
Attribute Identifier : 0x4 - ProtocolDescriptorList
  Data Sequence
    Data Sequence
      UUID16 : 0x0100 - L2CAP
    Data Sequence
      UUID16 : 0x0003 - RFCOMM
      Channel/Port (Integer) : 0xc
    Data Sequence
      UUID16 : 0x0008 - OBEX
Attribute Identifier : 0x5 - BrowseGroupList
  Data Sequence
    UUID16 : 0x1002 - PublicBrowseGroup
Attribute Identifier : 0x9 - BluetoothProfileDescriptorList
  Data Sequence
    Data Sequence
      UUID16 : 0x1105 - OBEXObjectPush
      Version (Integer) : 0x100
Attribute Identifier : 0x100
  Data : 4f 42 45 58 20 4f 62 6a 65 63 74 20 50 75 73 68 00
Attribute Identifier : 0x303
  Data Sequence
    Integer : 0x1
    Integer : 0x2
    Integer : 0x3
    Integer : 0x4
    Integer : 0x5
    Integer : 0x6
    Integer : 0xff

Attribute Identifier : 0x0 - ServiceRecordHandle
  Integer : 0x10005
Attribute Identifier : 0x1 - ServiceClassIDList
  Data Sequence
    UUID16 : 0x112f - Phonebook Access (PBAP) - PSE
Attribute Identifier : 0x4 - ProtocolDescriptorList
  Data Sequence
    Data Sequence
      UUID16 : 0x0100 - L2CAP
    Data Sequence
      UUID16 : 0x0003 - RFCOMM
      Channel/Port (Integer) : 0x13
    Data Sequence
      UUID16 : 0x0008 - OBEX
Attribute Identifier : 0x5 - BrowseGroupList
  Data Sequence
    UUID16 : 0x1002 - PublicBrowseGroup
Attribute Identifier : 0x9 - BluetoothProfileDescriptorList
  Data Sequence
    Data Sequence
      UUID16 : 0x1130 - Phonebook Access (PBAP)
      Version (Integer) : 0x100
Attribute Identifier : 0x100
  Data : 4f 42 45 58 20 50 68 6f 6e 65 62 6f 6f 6b 20 41 63 63 65 73 73 20 53 65 72 76 65 72 00
Attribute Identifier : 0x314 - SupportedRepositories
  Integer : 0x3

Attribute Identifier : 0x0 - ServiceRecordHandle
  Integer : 0x10006
Attribute Identifier : 0x1 - ServiceClassIDList
  Data Sequence
    UUID16 : 0x111f - HandsfreeAudioGateway
    UUID16 : 0x1203 - GenericAudio
Attribute Identifier : 0x4 - ProtocolDescriptorList
  Data Sequence
    Data Sequence
      UUID16 : 0x0100 - L2CAP
    Data Sequence
      UUID16 : 0x0003 - RFCOMM
      Channel/Port (Integer) : 0xa
Attribute Identifier : 0x5 - BrowseGroupList
  Data Sequence
    UUID16 : 0x1002 - PublicBrowseGroup
Attribute Identifier : 0x9 - BluetoothProfileDescriptorList
  Data Sequence
    Data Sequence
      UUID16 : 0x111e - Handsfree
      Version (Integer) : 0x105
Attribute Identifier : 0x100
  Data : 56 6f 69 63 65 20 47 61 74 65 77 61 79 00
Attribute Identifier : 0x301
  Integer : 0x1
Attribute Identifier : 0x311
  Integer : 0x7

Attribute Identifier : 0x0 - ServiceRecordHandle
  Integer : 0x10007
Attribute Identifier : 0x1 - ServiceClassIDList
  Data Sequence
    UUID16 : 0x1116 - NAP (PAN/BNEP)
Attribute Identifier : 0x4 - ProtocolDescriptorList
  Data Sequence
    Data Sequence
      UUID16 : 0x0100 - L2CAP
      Channel/Port (Integer) : 0xf
    Data Sequence
      UUID16 : 0x000f - BNEP
      Channel/Port (Integer) : 0x100
      Data Sequence
        Protocol (Integer) : 0x800
        Channel/Port (Integer) : 0x806
Attribute Identifier : 0x5 - BrowseGroupList
  Data Sequence
    UUID16 : 0x1002 - PublicBrowseGroup
Attribute Identifier : 0x6 - LanguageBaseAttributeIDList
  Data Sequence
    Code ISO639 (Integer) : 0x656e
    Encoding (Integer) : 0x6a
    Base Offset (Integer) : 0x100
Attribute Identifier : 0x9 - BluetoothProfileDescriptorList
  Data Sequence
    Data Sequence
      UUID16 : 0x1116 - NAP (PAN/BNEP)
      Version (Integer) : 0x100
Attribute Identifier : 0x100
  Data : 4e 65 74 77 6f 72 6b 20 73 65 72 76 69 63 65 00
Attribute Identifier : 0x101
  Data : 4e 65 74 77 6f 72 6b 20 73 65 72 76 69 63 65 00
Attribute Identifier : 0x30a - SecurityDescription
  Integer : 0x1
Attribute Identifier : 0x30b - NetAccessType
  Integer : 0xfffe
Attribute Identifier : 0x30c - MaxNetAccessrate
  Integer : 0x0

Attribute Identifier : 0x0 - ServiceRecordHandle
  Integer : 0x10008
Attribute Identifier : 0x1 - ServiceClassIDList
  Data Sequence
    UUID16 : 0x1132 - Message Access (MAP) - MAS
Attribute Identifier : 0x4 - ProtocolDescriptorList
  Data Sequence
    Data Sequence
      UUID16 : 0x0100 - L2CAP
    Data Sequence
      UUID16 : 0x0003 - RFCOMM
      Channel/Port (Integer) : 0x14
    Data Sequence
      UUID16 : 0x0008 - OBEX
Attribute Identifier : 0x9 - BluetoothProfileDescriptorList
  Data Sequence
    Data Sequence
      UUID16 : 0x1134 - Message Access (MAP)
      Version (Integer) : 0x100
Attribute Identifier : 0x100
  Data : 41 6e 64 72 6f 69 64 20 53 4d 53 00
Attribute Identifier : 0x315 - MASInstanceID
  Integer : 0x0
Attribute Identifier : 0x316 - SupportedMessageTypes
  Integer : 0x2

